<testsuites name="results">
  <testsuite name="all" package="all">
    <property name="random_seed" value="1766359508" />
    <testcase name="test_pe_reset" classname="test_pe" file="/Users/abiralshakya/Documents/tpu_to_fpga/sim/tests/test_pe.py" lineno="13" time="0.0004832744598388672" sim_time_ns="20.0" ratio_time="41384.35125801677" />
    <testcase name="test_pe_simple" classname="test_pe" file="/Users/abiralshakya/Documents/tpu_to_fpga/sim/tests/test_pe.py" lineno="37" time="0.0003457069396972656" sim_time_ns="30.999999999999996" ratio_time="89671.32689655172" />
    <testcase name="test_pe_mac_operation" classname="test_pe" file="/Users/abiralshakya/Documents/tpu_to_fpga/sim/tests/test_pe.py" lineno="80" time="0.0006749629974365234" sim_time_ns="49.99999999999999" ratio_time="74078.13493465206">
      <failure error_type="AssertionError" error_msg="act_out should pass activation, got 00001010&#10;assert LogicArray('00001010', Range(7, 'downto', 0)) == 3&#10; +  where LogicArray('00001010', Range(7, 'downto', 0)) = LogicArrayObject(pe.act_out).value&#10; +    where LogicArrayObject(pe.act_out) = HierarchyObject(pe).act_out" />
    </testcase>
    <testcase name="test_pe_activation_flow" classname="test_pe" file="/Users/abiralshakya/Documents/tpu_to_fpga/sim/tests/test_pe.py" lineno="133" time="0.00032591819763183594" sim_time_ns="30.999999999999986" ratio_time="95115.89173372345" />
  </testsuite>
</testsuites>