<testsuites name="results">
  <testsuite name="all" package="all">
    <property name="random_seed" value="1766359405" />
    <testcase name="test_pe_reset" classname="test_pe" file="/Users/abiralshakya/Documents/tpu_to_fpga/sim/tests/test_pe.py" lineno="13" time="0.000431060791015625" sim_time_ns="20.0" ratio_time="46397.16814159292" />
    <testcase name="test_pe_simple" classname="test_pe" file="/Users/abiralshakya/Documents/tpu_to_fpga/sim/tests/test_pe.py" lineno="37" time="0.0005710124969482422" sim_time_ns="29.999999999999996" ratio_time="52538.25469728601">
      <failure error_type="AssertionError" error_msg="act_out should pass act_in, got 00000000&#10;assert LogicArray('00000000', Range(7, 'downto', 0)) == 10&#10; +  where LogicArray('00000000', Range(7, 'downto', 0)) = LogicArrayObject(pe.act_out).value&#10; +    where LogicArrayObject(pe.act_out) = HierarchyObject(pe).act_out" />
    </testcase>
    <testcase name="test_pe_mac_operation" classname="test_pe" file="/Users/abiralshakya/Documents/tpu_to_fpga/sim/tests/test_pe.py" lineno="75" time="0.0005879402160644531" sim_time_ns="39.99999999999999" ratio_time="68034.12814274128">
      <failure error_type="AssertionError" error_msg="act_out should pass activation, got 00000000&#10;assert LogicArray('00000000', Range(7, 'downto', 0)) == 10&#10; +  where LogicArray('00000000', Range(7, 'downto', 0)) = LogicArrayObject(pe.act_out).value&#10; +    where LogicArrayObject(pe.act_out) = HierarchyObject(pe).act_out" />
    </testcase>
    <testcase name="test_pe_activation_flow" classname="test_pe" file="/Users/abiralshakya/Documents/tpu_to_fpga/sim/tests/test_pe.py" lineno="126" time="0.0003619194030761719" sim_time_ns="30.0" ratio_time="82891.38339920949">
      <failure error_type="AssertionError" error_msg="act_out should equal act_in, got 00000000&#10;assert LogicArray('00000000', Range(7, 'downto', 0)) == 255&#10; +  where LogicArray('00000000', Range(7, 'downto', 0)) = LogicArrayObject(pe.act_out).value&#10; +    where LogicArrayObject(pe.act_out) = HierarchyObject(pe).act_out" />
    </testcase>
  </testsuite>
</testsuites>