<testsuites name="results">
  <testsuite name="all" package="all">
    <property name="random_seed" value="1766359488" />
    <testcase name="test_pe_reset" classname="test_pe" file="/Users/abiralshakya/Documents/tpu_to_fpga/sim/tests/test_pe.py" lineno="13" time="0.0005397796630859375" sim_time_ns="20.0" ratio_time="37052.1554770318" />
    <testcase name="test_pe_simple" classname="test_pe" file="/Users/abiralshakya/Documents/tpu_to_fpga/sim/tests/test_pe.py" lineno="37" time="0.0011279582977294922" sim_time_ns="29.999999999999996" ratio_time="26596.727964489535">
      <failure error_type="AssertionError" error_msg="act_out should pass act_in, got 00000000&#10;assert LogicArray('00000000', Range(7, 'downto', 0)) == 10&#10; +  where LogicArray('00000000', Range(7, 'downto', 0)) = LogicArrayObject(pe.act_out).value&#10; +    where LogicArrayObject(pe.act_out) = HierarchyObject(pe).act_out" />
    </testcase>
    <testcase name="test_pe_mac_operation" classname="test_pe" file="/Users/abiralshakya/Documents/tpu_to_fpga/sim/tests/test_pe.py" lineno="78" time="0.0006909370422363281" sim_time_ns="39.99999999999999" ratio_time="57892.39475500344">
      <failure error_type="AssertionError" error_msg="act_out should pass activation, got 00000000&#10;assert LogicArray('00000000', Range(7, 'downto', 0)) == 10&#10; +  where LogicArray('00000000', Range(7, 'downto', 0)) = LogicArrayObject(pe.act_out).value&#10; +    where LogicArrayObject(pe.act_out) = HierarchyObject(pe).act_out" />
    </testcase>
    <testcase name="test_pe_activation_flow" classname="test_pe" file="/Users/abiralshakya/Documents/tpu_to_fpga/sim/tests/test_pe.py" lineno="129" time="0.000415802001953125" sim_time_ns="30.0" ratio_time="72149.7247706422">
      <failure error_type="AssertionError" error_msg="act_out should equal act_in, got 00000000&#10;assert LogicArray('00000000', Range(7, 'downto', 0)) == 255&#10; +  where LogicArray('00000000', Range(7, 'downto', 0)) = LogicArrayObject(pe.act_out).value&#10; +    where LogicArrayObject(pe.act_out) = HierarchyObject(pe).act_out" />
    </testcase>
  </testsuite>
</testsuites>