<testsuites name="results">
  <testsuite name="all" package="all">
    <property name="random_seed" value="1766361533" />
    <testcase name="test_activation_func_relu" classname="test_activation_func" file="/Users/abiralshakya/Documents/tpu_to_fpga/sim/tests/test_activation_func.py" lineno="10" time="0.0010488033294677734" sim_time_ns="0.0" ratio_time="0.0">
      <failure error_type="AttributeError" error_msg="activation_func contains no child object named activation_type" />
    </testcase>
    <testcase name="test_activation_func_relu6" classname="test_activation_func" file="/Users/abiralshakya/Documents/tpu_to_fpga/sim/tests/test_activation_func.py" lineno="47" time="0.00023984909057617188" sim_time_ns="0.0" ratio_time="0.0">
      <failure error_type="AttributeError" error_msg="activation_func contains no child object named activation_type" />
    </testcase>
    <testcase name="test_activation_func_passthrough" classname="test_activation_func" file="/Users/abiralshakya/Documents/tpu_to_fpga/sim/tests/test_activation_func.py" lineno="85" time="0.0002818107604980469" sim_time_ns="0.0" ratio_time="0.0">
      <failure error_type="AttributeError" error_msg="activation_func contains no child object named activation_type" />
    </testcase>
  </testsuite>
</testsuites>