<testsuites name="results">
  <testsuite name="all" package="all">
    <property name="random_seed" value="1766361609" />
    <testcase name="test_mlp_single_layer" classname="test_mlp" file="/Users/abiralshakya/Documents/tpu_to_fpga/sim/tests/test_mlp.py" lineno="11" time="0.0010161399841308594" sim_time_ns="0.0" ratio_time="0.0">
      <failure error_type="AttributeError" error_msg="mlp_top contains no child object named start" />
    </testcase>
    <testcase name="test_mlp_two_layer" classname="test_mlp" file="/Users/abiralshakya/Documents/tpu_to_fpga/sim/tests/test_mlp.py" lineno="53" time="0.0002510547637939453" sim_time_ns="0.0" ratio_time="0.0">
      <failure error_type="AttributeError" error_msg="mlp_top contains no child object named start" />
    </testcase>
    <testcase name="test_mlp_with_activation" classname="test_mlp" file="/Users/abiralshakya/Documents/tpu_to_fpga/sim/tests/test_mlp.py" lineno="94" time="0.00019598007202148438" sim_time_ns="0.0" ratio_time="0.0">
      <failure error_type="AttributeError" error_msg="mlp_top contains no child object named start" />
    </testcase>
  </testsuite>
</testsuites>